<?xml version="1.0" encoding="UTF-8"?>
<!-- Generated by org.testng.reporters.JUnitReportReporter -->
<testsuite skipped="0" hostname="Nirmal-Laptop" name="Automation.Framework.NavigationBarTest" tests="1" failures="0" timestamp="2021-05-02T23:37:00 IST" time="0.068" errors="0">
  <testcase name="invokeHomePageTest" time="0.068" classname="Automation.Framework.NavigationBarTest"/>
  <system-out/>
</testsuite> <!-- Automation.Framework.NavigationBarTest -->
