<?xml version="1.0" encoding="UTF-8"?>
<!-- Generated by org.testng.reporters.JUnitReportReporter -->
<testsuite skipped="0" hostname="Nirmal-Laptop" name="testAutomation.InvokeHomePageTest" tests="2" failures="0" timestamp="2021-05-08T12:00:35 IST" time="17.501" errors="0">
  <testcase name="invokeHomePageTest" time="6.568" classname="testAutomation.InvokeHomePageTest"/>
  <system-out/>
  <testcase name="invokeHomePageTest" time="10.933" classname="testAutomation.InvokeHomePageTest"/>
  <system-out/>
</testsuite> <!-- testAutomation.InvokeHomePageTest -->
