<?xml version="1.0" encoding="UTF-8"?>
<!-- Generated by org.testng.reporters.JUnitReportReporter -->
<testsuite skipped="0" hostname="Nirmal-Laptop" name="Automation.Framework.InvokeHomePageTest" tests="2" failures="0" timestamp="2021-05-02T23:37:00 IST" time="9.837" errors="0">
  <testcase name="invokeHomePageTest" time="5.118" classname="Automation.Framework.InvokeHomePageTest"/>
  <system-out/>
  <testcase name="invokeHomePageTest" time="4.719" classname="Automation.Framework.InvokeHomePageTest"/>
  <system-out/>
</testsuite> <!-- Automation.Framework.InvokeHomePageTest -->
